<?xml version="1.0" encoding="UTF-8"?>
<!-- Generated by org.testng.reporters.JUnitReportReporter -->
<testsuite hostname="DESKTOP-0FOOI6C" failures="0" tests="1" name="Task.LoginTest" time="36.794" errors="0" timestamp="2021-04-01T13:42:55 IST" skipped="0">
  <testcase classname="Task.LoginTest" name="loginPageValidation" time="36.794"/>
  <system-out/>
</testsuite> <!-- Task.LoginTest -->
