<?xml version="1.0" encoding="UTF-8"?>
<!-- Generated by org.testng.reporters.JUnitReportReporter -->
<testsuite hostname="DESKTOP-0FOOI6C" failures="0" tests="1" name="Task.HomePage" time="12.641" errors="0" timestamp="2021-04-01T11:31:33 IST" skipped="0">
  <testcase classname="Task.HomePage" name="homePageValidation" time="12.641"/>
  <system-out/>
</testsuite> <!-- Task.HomePage -->
